<?xml version="1.0" encoding="UTF-8"?>
<testng-results ignored="0" total="1" passed="0" failed="1" skipped="0">
  <reporter-output>
  </reporter-output>
  <suite started-at="2024-03-16T22:03:24 IST" name="Suite" finished-at="2024-03-16T22:03:50 IST" duration-ms="26007">
    <groups>
    </groups>
    <test started-at="2024-03-16T22:03:24 IST" name="Test" finished-at="2024-03-16T22:03:50 IST" duration-ms="26007">
      <class name="amazon_tc.Amz_TC_01">
        <test-method is-config="true" signature="launchBrowser(java.lang.String)[pri:0, instance:amazon_tc.Amz_TC_01@6eda5c9]" started-at="2024-03-16T22:03:25 IST" name="launchBrowser" finished-at="2024-03-16T22:03:29 IST" duration-ms="4317" status="PASS">
          <params>
            <param index="0">
              <value>
                <![CDATA[chrome]]>
              </value>
            </param>
          </params>
          <reporter-output>
          </reporter-output>
        </test-method> <!-- launchBrowser -->
        <test-method signature="Amz_TestCase_1(java.lang.String,java.lang.String)[pri:0, instance:amazon_tc.Amz_TC_01@6eda5c9]" started-at="2024-03-16T22:03:29 IST" name="Amz_TestCase_1" data-provider="data1" finished-at="2024-03-16T22:03:50 IST" duration-ms="20110" status="FAIL">
          <params>
            <param index="0">
              <value>
                <![CDATA[sujitbote42@gmail.com]]>
              </value>
            </param>
            <param index="1">
              <value>
                <![CDATA[Influe@1]]>
              </value>
            </param>
          </params>
          <exception class="java.lang.AssertionError">
            <message>
              <![CDATA[Assertion is completed
failed to filter by category expected [true] but found [false]]]>
            </message>
            <full-stacktrace>
              <![CDATA[java.lang.AssertionError: Assertion is completed
failed to filter by category expected [true] but found [false]
at org.testng.asserts.SoftAssert.assertAll(SoftAssert.java:47)
at amazon_tc.Amz_TC_01.Amz_TestCase_1(Amz_TC_01.java:41)
at java.base/jdk.internal.reflect.NativeMethodAccessorImpl.invoke0(Native Method)
at java.base/jdk.internal.reflect.NativeMethodAccessorImpl.invoke(NativeMethodAccessorImpl.java:77)
at java.base/jdk.internal.reflect.DelegatingMethodAccessorImpl.invoke(DelegatingMethodAccessorImpl.java:43)
at java.base/java.lang.reflect.Method.invoke(Method.java:568)
at org.testng.internal.MethodInvocationHelper.invokeMethod(MethodInvocationHelper.java:133)
at org.testng.internal.TestInvoker.invokeMethod(TestInvoker.java:598)
at org.testng.internal.TestInvoker.invokeTestMethod(TestInvoker.java:173)
at org.testng.internal.MethodRunner.runInSequence(MethodRunner.java:46)
at org.testng.internal.TestInvoker$MethodInvocationAgent.invoke(TestInvoker.java:824)
at org.testng.internal.TestInvoker.invokeTestMethods(TestInvoker.java:146)
at org.testng.internal.TestMethodWorker.invokeTestMethods(TestMethodWorker.java:146)
at org.testng.internal.TestMethodWorker.run(TestMethodWorker.java:128)
at java.base/java.util.ArrayList.forEach(ArrayList.java:1511)
at org.testng.TestRunner.privateRun(TestRunner.java:794)
at org.testng.TestRunner.run(TestRunner.java:596)
at org.testng.SuiteRunner.runTest(SuiteRunner.java:377)
at org.testng.SuiteRunner.runSequentially(SuiteRunner.java:371)
at org.testng.SuiteRunner.privateRun(SuiteRunner.java:332)
at org.testng.SuiteRunner.run(SuiteRunner.java:276)
at org.testng.SuiteRunnerWorker.runSuite(SuiteRunnerWorker.java:53)
at org.testng.SuiteRunnerWorker.run(SuiteRunnerWorker.java:96)
at org.testng.TestNG.runSuitesSequentially(TestNG.java:1212)
at org.testng.TestNG.runSuitesLocally(TestNG.java:1134)
at org.testng.TestNG.runSuites(TestNG.java:1063)
at org.testng.TestNG.run(TestNG.java:1031)
at org.testng.remote.AbstractRemoteTestNG.run(AbstractRemoteTestNG.java:115)
at org.testng.remote.RemoteTestNG.initAndRun(RemoteTestNG.java:251)
at org.testng.remote.RemoteTestNG.main(RemoteTestNG.java:77)
]]>
            </full-stacktrace>
          </exception> <!-- java.lang.AssertionError -->
          <reporter-output>
          </reporter-output>
        </test-method> <!-- Amz_TestCase_1 -->
        <test-method is-config="true" signature="closeBrowser()[pri:0, instance:amazon_tc.Amz_TC_01@6eda5c9]" started-at="2024-03-16T22:03:50 IST" name="closeBrowser" finished-at="2024-03-16T22:03:50 IST" duration-ms="388" status="PASS">
          <reporter-output>
          </reporter-output>
        </test-method> <!-- closeBrowser -->
      </class> <!-- amazon_tc.Amz_TC_01 -->
    </test> <!-- Test -->
  </suite> <!-- Suite -->
</testng-results>
